---------------------------------------------------------------------------------------
      name:  <unnamed>
       log:  /Users/davidwan/Downloads/MRP Project/minordatafile.log
  log type:  text
 opened on:   3 Dec 2018, 06:22:26

. * Create log file
. 
. clear

. use "/Users/davidwan/Downloads/MRP Project/NSDUHclean.dta"

. * Use combined NSDUH dataset
. 
. * Education level (Omitted group is High School graduates)
. gen lessthanhs = 0

. replace lessthanhs = 1 if EDUCCAT2 == 1
(17,415 real changes made)

. * Generates a dummy variable for less than HS group
. * Omitted group is High School Graduate
. 
. gen somecol = 0

. replace somecol = 1 if EDUCCAT2 == 3
(40,904 real changes made)

. * Generates a dummy variable for people with some college education
. 
. gen colgrad = 0

. replace colgrad = 1 if EDUCCAT2 == 4
(33,913 real changes made)

. * Generates a dummy variable for people who are college graduates
. 
. gen minor = 0 

. replace minor = 1 if EDUCCAT2 == 5
(41,457 real changes made)

. * Generates a dummy vairable for people who are minors that are still in hs
. 
. * Age 
. gen age = 0

. replace age = 12 if AGE2 == 1
(6,344 real changes made)

. replace age = 13 if AGE2 == 2
(6,924 real changes made)

. replace age = 14 if AGE2 == 3
(7,122 real changes made)

. replace age = 15 if AGE2 == 4
(7,207 real changes made)

. replace age = 16 if AGE2 == 5
(7,128 real changes made)

. replace age = 17 if AGE2 == 6
(6,732 real changes made)

. replace age = 18 if AGE2 == 7
(5,300 real changes made)

. * Generates a continuous variable for minors
. 
. * Employment Status (Omitted Group is full time workers)
. gen parttimewrk = 0 

. replace parttimewrk = 1 if JBSTATR2 == 2
(21,547 real changes made)

. * Generates a dummy variable for part time workers
. 
. gen volunteerwrk = 0

. replace volunteerwrk = 1 if JBSTATR2 == 3
(8,334 real changes made)

. * Generates a dummy variable for volunteer workers/job but did not work for past week
. 
. gen umemployed = 0

. replace umemployed = 1 if JBSTATR2 == 4
(8,928 real changes made)

. * Generates a dummy variable for unemployed people
. 
. gen disabled = 0

. replace disabled = 1 if JBSTATR2 == 5
(5,296 real changes made)

. * Generates a dummy variable for disabled people
. 
. gen housekeeper = 0

. replace housekeeper = 1 if JBSTATR2 == 6
(6,502 real changes made)

. * Generates a dummy variable for full time housekeepers 
. 
. gen student = 0 

. replace student = 1 if JBSTATR2 == 7
(12,326 real changes made)

. * Generates a dummy variable for students or people in training
. 
. gen retiree = 0

. replace retiree = 1 if JBSTATR2 == 8
(9,224 real changes made)

. * Generates a dummy variable for retirees
. 
. gen nojobother = 0

. replace nojobother = 1 if JBSTATR2 == 9
(13,191 real changes made)

. * Generates a dummy variable who answered no job for other reasons
. 
. * Income (Omitted group is people making 75k and over)
. gen tenkorlower = 0

. replace tenkorlower = 1 if IRFAMIN3 == 1
(14,679 real changes made)

. 
. gen tenkto20k = 0

. replace tenkto20k = 1 if IRFAMIN3 == 2
(20,306 real changes made)

. 
. gen twentykto30k = 0

. replace twentykto30k = 1 if IRFAMIN3 == 3
(18,591 real changes made)

. 
. gen thirtykto40k = 0

. replace thirtykto40k = 1 if IRFAMIN3 == 4
(17,296 real changes made)

. 
. gen fourtykto50k = 0

. replace fourtykto50k = 1 if IRFAMIN3 == 5
(16,797 real changes made)

. 
. gen fiftykto75k = 0

. replace fiftykto75k = 1 if IRFAMIN3 == 6
(26,535 real changes made)

. 
. drop if MJDAY30A == 85 
(222 observations deleted)

. drop if MJDAY30A == 94
(127 observations deleted)

. drop if MJDAY30A == 97
(112 observations deleted)

. drop if MJDAY30A == 98
(835 observations deleted)

. * Drops observations that did not answer 98 (258/330/247 respondents in 14/15/16)  
. * Bad Data 85 (67/78/77 in 14/15/16), Refused 97 (32/32/48 in 14/15/16)
. * and Don't Know (53/35/39 in 14/15/16)
. 
. gen marjmth = 0

. replace marjmth = MJDAY30A if MJDAY30A != 91 & MJDAY30A != 93
(17,953 real changes made)

. 
. save "/Users/davidwan/Downloads/MRP Project/NSDUHcleanminorfinal.dta"
file /Users/davidwan/Downloads/MRP Project/NSDUHcleanminorfinal.dta already exists
r(602);

end of do-file

r(602);

. do "/var/folders/bq/_s8vbhy91kz3b858vc4j4bqw0000gn/T//SD20923.000000"

. * Generate an age squared variable
. gen agesq = age * age

. 
end of do-file

. do "/var/folders/bq/_s8vbhy91kz3b858vc4j4bqw0000gn/T//SD20923.000000"

. * Generate an age squared variable
. gen agesq = age * age
variable agesq already defined
r(110);

end of do-file

r(110);

