------------------------------------------------------------------------------------------------------------------------------
      name:  <unnamed>
       log:  /Users/davidwan/Downloads/MRP Project/minorfmmanalysis.log
  log type:  text
 opened on:   8 Jul 2019, 15:19:18

. * Create log file
. 
. clear

. use "/Users/davidwan/Downloads/MRP Project/NSDUHcleanminorfinal.dta"

. * Use combined NSDUH dataset which has been cleaned
. set more off

. 
. drop if minor == 0
(127,029 observations deleted)

. * 126247 adult observerations dropped 
. 
. 
. * Generate an age squared variable
. gen agesq = age * age

. 
. * Generate age dummies (omitted group is 12 years old)
. gen age13 = 0

. replace age13 = 1 if age == 13
(6,889 real changes made)

. 
. gen age14 = 0

. replace age14 = 1 if age == 14
(7,042 real changes made)

. 
. gen age15 = 0

. replace age15 = 1 if age == 15
(7,094 real changes made)

. 
. gen age16 = 0

. replace age16 = 1 if age == 16
(7,008 real changes made)

. 
. gen age17 = 0

. replace age17 = 1 if age == 17
(6,634 real changes made)

. 
. * Generates a finite mixture model 
. fmm marjmth tenkorlower tenkto20k twentykto30k thirtykto40k fourtykto50k fiftykto75k MEDMJLAW black nativeam nativehi asian 
> hispanic multirace male age agesq, components (2) mixtureof(normal) 

Fitting Normal regression model:

Iteration 0:   log likelihood = -111263.56  
Iteration 1:   log likelihood = -111263.55  

Fitting 2 component Normal model:

Iteration 0:   log likelihood = -111283.68  (not concave)
Iteration 1:   log likelihood =  -101600.9  (not concave)
Iteration 2:   log likelihood = -60683.078  (not concave)
Iteration 3:   log likelihood = -51174.109  (not concave)
Iteration 4:   log likelihood = -48656.267  (not concave)
Iteration 5:   log likelihood = -46053.541  (not concave)
Iteration 6:   log likelihood = -44487.468  (not concave)
Iteration 7:   log likelihood = -42857.355  (not concave)
Iteration 8:   log likelihood = -19115.159  (not concave)
Iteration 9:   log likelihood =  -12492.87  (not concave)
Iteration 10:  log likelihood = -11460.846  (not concave)
Iteration 11:  log likelihood = -10610.371  (not concave)
Iteration 12:  log likelihood = -9756.2018  (not concave)
Iteration 13:  log likelihood = -9155.3378  (not concave)
Iteration 14:  log likelihood = -8613.3579  (not concave)
Iteration 15:  log likelihood = -7912.9748  (not concave)
Iteration 16:  log likelihood = -7175.1934  (not concave)
Iteration 17:  log likelihood = -6766.7948  (not concave)
Iteration 18:  log likelihood = -6383.8432  (not concave)
Iteration 19:  log likelihood = -5263.3933  (not concave)
Iteration 20:  log likelihood =  -4354.562  (not concave)
Iteration 21:  log likelihood = -2716.4306  (not concave)
Iteration 22:  log likelihood = -2575.4388  (not concave)
Iteration 23:  log likelihood = -2548.9348  (not concave)
Iteration 24:  log likelihood = -2538.1216  (not concave)
Iteration 25:  log likelihood = -2528.5023  (not concave)
Iteration 26:  log likelihood = -2519.0358  (not concave)
Iteration 27:  log likelihood = -2510.7933  (not concave)
Iteration 28:  log likelihood = -2503.2864  (not concave)
Iteration 29:  log likelihood = -2496.1496  (not concave)
Iteration 30:  log likelihood = -2489.5933  (not concave)
Iteration 31:  log likelihood = -2483.5283  (not concave)
Iteration 32:  log likelihood = -2477.8415  (not concave)
Iteration 33:  log likelihood = -2472.5286  (not concave)
Iteration 34:  log likelihood = -2467.5581  (not concave)
Iteration 35:  log likelihood =  -2462.886  (not concave)
Iteration 36:  log likelihood =  -2458.485  (not concave)
Iteration 37:  log likelihood = -2454.3309  (not concave)
Iteration 38:  log likelihood = -2450.3982  (not concave)
Iteration 39:  log likelihood = -2446.6649  (not concave)
Iteration 40:  log likelihood = -2443.1119  (not concave)
Iteration 41:  log likelihood = -2439.7214  (not concave)
Iteration 42:  log likelihood = -2436.4774  (not concave)
Iteration 43:  log likelihood = -2433.3654  (not concave)
Iteration 44:  log likelihood = -2430.3725  (not concave)
Iteration 45:  log likelihood =  -2427.487  (not concave)
Iteration 46:  log likelihood = -2424.6983  (not concave)
Iteration 47:  log likelihood = -2421.9967  (not concave)
Iteration 48:  log likelihood = -2419.3737  (not concave)
Iteration 49:  log likelihood = -2416.8216  (not concave)
Iteration 50:  log likelihood = -2414.3333  (not concave)
Iteration 51:  log likelihood = -2411.9026  (not concave)
Iteration 52:  log likelihood = -2409.5236  (not concave)
Iteration 53:  log likelihood = -2407.1913  (not concave)
Iteration 54:  log likelihood = -2404.9012  (not concave)
Iteration 55:  log likelihood = -2402.6489  (not concave)
Iteration 56:  log likelihood = -2400.4307  (not concave)
Iteration 57:  log likelihood = -2398.2433  (not concave)
Iteration 58:  log likelihood = -2396.0836  (not concave)
Iteration 59:  log likelihood = -2393.9488  (not concave)
Iteration 60:  log likelihood = -2391.8365  (not concave)
Iteration 61:  log likelihood = -2389.7445  (not concave)
Iteration 62:  log likelihood = -2387.6707  (not concave)
Iteration 63:  log likelihood = -2385.6133  (not concave)
Iteration 64:  log likelihood = -2383.5708  (not concave)
Iteration 65:  log likelihood = -2381.5415  (not concave)
Iteration 66:  log likelihood = -2379.5243  (not concave)
Iteration 67:  log likelihood = -2377.5179  (not concave)
Iteration 68:  log likelihood = -2375.5212  (not concave)
Iteration 69:  log likelihood = -2373.5333  (not concave)
Iteration 70:  log likelihood = -2371.5534  (not concave)
Iteration 71:  log likelihood = -2369.5805  (not concave)
Iteration 72:  log likelihood = -2367.6141  (not concave)
Iteration 73:  log likelihood = -2365.6535  (not concave)
Iteration 74:  log likelihood = -2363.6981  (not concave)
Iteration 75:  log likelihood = -2361.7473  (not concave)
Iteration 76:  log likelihood = -2359.8009  (not concave)
Iteration 77:  log likelihood = -2357.8582  (not concave)
Iteration 78:  log likelihood =  -2355.919  (not concave)
Iteration 79:  log likelihood = -2353.9829  (not concave)
Iteration 80:  log likelihood = -2352.0496  (not concave)
Iteration 81:  log likelihood = -2350.1189  (not concave)
Iteration 82:  log likelihood = -2348.1904  (not concave)
Iteration 83:  log likelihood = -2346.2639  (not concave)
Iteration 84:  log likelihood = -2344.3394  (not concave)
Iteration 85:  log likelihood = -2342.4165  (not concave)
Iteration 86:  log likelihood = -2340.4951  (not concave)
Iteration 87:  log likelihood = -2338.5751  (not concave)
Iteration 88:  log likelihood = -2336.6563  (not concave)
Iteration 89:  log likelihood = -2334.7387  (not concave)
Iteration 90:  log likelihood =  -2332.822  (not concave)
Iteration 91:  log likelihood = -2330.9063  (not concave)
Iteration 92:  log likelihood = -2328.9914  (not concave)
Iteration 93:  log likelihood = -2327.0773  (not concave)
Iteration 94:  log likelihood = -2325.1638  (not concave)
Iteration 95:  log likelihood = -2323.2509  (not concave)
Iteration 96:  log likelihood = -2321.3386  (not concave)
Iteration 97:  log likelihood = -2319.4268  (not concave)
Iteration 98:  log likelihood = -2317.5154  (not concave)
Iteration 99:  log likelihood = -2315.6045  (not concave)
Iteration 100: log likelihood = -2313.6939  (not concave)
Iteration 101: log likelihood = -2311.7837  (not concave)
Iteration 102: log likelihood = -2309.8738  (not concave)
Iteration 103: log likelihood = -2307.9642  (not concave)
Iteration 104: log likelihood = -2306.0548  (not concave)
Iteration 105: log likelihood = -2304.1456  (not concave)
Iteration 106: log likelihood = -2302.2367  (not concave)
Iteration 107: log likelihood =  -2300.328  (not concave)
Iteration 108: log likelihood = -2298.4194  (not concave)
Iteration 109: log likelihood =  -2296.511  (not concave)
Iteration 110: log likelihood = -2294.6028  (not concave)
Iteration 111: log likelihood = -2292.6947  (not concave)
Iteration 112: log likelihood = -2290.7867  (not concave)
Iteration 113: log likelihood = -2288.8789  (not concave)
Iteration 114: log likelihood = -2286.9711  (not concave)
Iteration 115: log likelihood = -2285.0634  (not concave)
Iteration 116: log likelihood = -2283.1559  (not concave)
Iteration 117: log likelihood = -2281.2484  (not concave)
Iteration 118: log likelihood =  -2279.341  (not concave)
Iteration 119: log likelihood = -2277.4336  (not concave)
Iteration 120: log likelihood = -2275.5263  (not concave)
Iteration 121: log likelihood = -2273.6191  (not concave)
Iteration 122: log likelihood =  -2271.712  (not concave)
Iteration 123: log likelihood = -2269.8049  (not concave)
Iteration 124: log likelihood = -2267.8978  (not concave)
Iteration 125: log likelihood = -2265.9908  (not concave)
Iteration 126: log likelihood = -2264.0838  (not concave)
Iteration 127: log likelihood = -2262.1769  (not concave)
Iteration 128: log likelihood =   -2260.27  (not concave)
Iteration 129: log likelihood = -2258.3632  (not concave)
Iteration 130: log likelihood = -2256.4564  (not concave)
Iteration 131: log likelihood = -2254.5496  (not concave)
Iteration 132: log likelihood = -2252.6428  (not concave)
Iteration 133: log likelihood = -2250.7361  (not concave)
Iteration 134: log likelihood = -2248.8294  (not concave)
Iteration 135: log likelihood = -2246.9228  (not concave)
Iteration 136: log likelihood = -2245.0161  (not concave)
Iteration 137: log likelihood = -2243.1095  (not concave)
Iteration 138: log likelihood = -2241.2029  (not concave)
Iteration 139: log likelihood = -2239.2964  (not concave)
Iteration 140: log likelihood = -2237.3898  (not concave)
Iteration 141: log likelihood = -2235.4833  (not concave)
Iteration 142: log likelihood = -2233.5768  (not concave)
Iteration 143: log likelihood = -2231.6703  (not concave)
Iteration 144: log likelihood = -2229.7638  (not concave)
Iteration 145: log likelihood = -2227.8574  (not concave)
Iteration 146: log likelihood =  -2225.951  (not concave)
Iteration 147: log likelihood = -2224.0446  (not concave)
Iteration 148: log likelihood = -2222.1382  (not concave)
Iteration 149: log likelihood = -2220.2318  (not concave)
Iteration 150: log likelihood = -2218.3255  (not concave)
Iteration 151: log likelihood = -2216.4191  (not concave)
Iteration 152: log likelihood = -2214.5128  (not concave)
Iteration 153: log likelihood = -2212.6065  (not concave)
Iteration 154: log likelihood = -2210.7002  (not concave)
Iteration 155: log likelihood =  -2208.794  (not concave)
Iteration 156: log likelihood = -2206.8877  (not concave)
Iteration 157: log likelihood = -2204.9815  (not concave)
Iteration 158: log likelihood = -2203.0753  (not concave)
Iteration 159: log likelihood =  -2201.169  (not concave)
Iteration 160: log likelihood = -2199.2629  (not concave)
Iteration 161: log likelihood = -2197.3567  (not concave)
Iteration 162: log likelihood = -2195.4505  (not concave)
Iteration 163: log likelihood = -2193.5444  (not concave)
Iteration 164: log likelihood = -2191.6383  (not concave)
Iteration 165: log likelihood = -2189.7322  (not concave)
Iteration 166: log likelihood = -2187.8261  (not concave)
Iteration 167: log likelihood =   -2185.92  (not concave)
Iteration 168: log likelihood =  -2184.014  (not concave)
Iteration 169: log likelihood = -2182.1079  (not concave)
Iteration 170: log likelihood = -2180.2019  (not concave)
Iteration 171: log likelihood = -2178.2959  (not concave)
Iteration 172: log likelihood = -2176.3899  (not concave)
Iteration 173: log likelihood = -2174.4839  (not concave)
Iteration 174: log likelihood = -2172.5779  (not concave)
Iteration 175: log likelihood =  -2170.672  (not concave)
Iteration 176: log likelihood = -2168.7661  (not concave)
Iteration 177: log likelihood = -2166.8602  (not concave)
Iteration 178: log likelihood = -2164.9543  (not concave)
Iteration 179: log likelihood = -2163.0484  (not concave)
Iteration 180: log likelihood = -2161.1425  (not concave)
Iteration 181: log likelihood = -2159.2367  (not concave)
Iteration 182: log likelihood = -2157.3309  (not concave)
Iteration 183: log likelihood = -2155.4251  (not concave)
Iteration 184: log likelihood = -2153.5193  (not concave)
Iteration 185: log likelihood = -2151.6135  (not concave)
Iteration 186: log likelihood = -2149.7077  (not concave)
Iteration 187: log likelihood =  -2147.802  (not concave)
Iteration 188: log likelihood = -2145.8963  (not concave)
Iteration 189: log likelihood = -2143.9906  (not concave)
Iteration 190: log likelihood = -2142.0849  (not concave)
Iteration 191: log likelihood = -2140.1792  (not concave)
Iteration 192: log likelihood = -2138.2736  (not concave)
Iteration 193: log likelihood =  -2136.368  (not concave)
Iteration 194: log likelihood = -2134.4624  (not concave)
Iteration 195: log likelihood = -2132.5568  (not concave)
Iteration 196: log likelihood = -2130.6512  (not concave)
Iteration 197: log likelihood = -2128.7456  (not concave)
Iteration 198: log likelihood = -2126.8401  (not concave)
Iteration 199: log likelihood = -2124.9346  (not concave)
Iteration 200: log likelihood = -2123.0291  (not concave)
Iteration 201: log likelihood = -2121.1237  (not concave)
Iteration 202: log likelihood = -2119.2182  (not concave)
Iteration 203: log likelihood = -2117.3128  (not concave)
Iteration 204: log likelihood = -2115.4074  (not concave)
Iteration 205: log likelihood =  -2113.502  (not concave)
Iteration 206: log likelihood = -2111.5966  (not concave)
Iteration 207: log likelihood = -2109.6913  (not concave)
Iteration 208: log likelihood =  -2107.786  (not concave)
Iteration 209: log likelihood = -2105.8807  (not concave)
Iteration 210: log likelihood = -2103.9754  (not concave)
Iteration 211: log likelihood = -2102.0702  (not concave)
Iteration 212: log likelihood = -2100.1649  (not concave)
Iteration 213: log likelihood = -2098.2597  (not concave)
Iteration 214: log likelihood = -2096.3546  (not concave)
Iteration 215: log likelihood = -2094.4494  (not concave)
Iteration 216: log likelihood = -2092.5443  (not concave)
Iteration 217: log likelihood = -2090.6392  (not concave)
Iteration 218: log likelihood = -2088.7341  (not concave)
Iteration 219: log likelihood =  -2086.829  (not concave)
Iteration 220: log likelihood =  -2084.924  (not concave)
Iteration 221: log likelihood =  -2083.019  (not concave)
Iteration 222: log likelihood =  -2081.114  (not concave)
Iteration 223: log likelihood =  -2079.209  (not concave)
Iteration 224: log likelihood = -2077.3041  (not concave)
Iteration 225: log likelihood = -2075.3992  (not concave)
Iteration 226: log likelihood = -2073.4943  (not concave)
Iteration 227: log likelihood = -2071.5895  (not concave)
Iteration 228: log likelihood = -2069.6846  (not concave)
Iteration 229: log likelihood = -2067.7798  (not concave)
Iteration 230: log likelihood =  -2065.875  (not concave)
Iteration 231: log likelihood = -2063.9703  (not concave)
Iteration 232: log likelihood = -2062.0656  (not concave)
Iteration 233: log likelihood = -2060.1609  (not concave)
Iteration 234: log likelihood = -2058.2562  (not concave)
Iteration 235: log likelihood = -2056.3516  (not concave)
Iteration 236: log likelihood =  -2054.447  (not concave)
Iteration 237: log likelihood = -2052.5424  (not concave)
Iteration 238: log likelihood = -2050.6379  (not concave)
Iteration 239: log likelihood = -2048.7333  (not concave)
Iteration 240: log likelihood = -2046.8288  (not concave)
Iteration 241: log likelihood = -2044.9244  (not concave)
Iteration 242: log likelihood = -2043.0199  (not concave)
Iteration 243: log likelihood = -2041.1155  (not concave)
Iteration 244: log likelihood = -2039.2112  (not concave)
Iteration 245: log likelihood = -2037.3068  (not concave)
Iteration 246: log likelihood = -2035.4025  (not concave)
Iteration 247: log likelihood = -2033.4982  (not concave)
Iteration 248: log likelihood =  -2031.594  (not concave)
Iteration 249: log likelihood = -2029.6898  (not concave)
Iteration 250: log likelihood = -2027.7856  (not concave)
Iteration 251: log likelihood = -2025.8814  (not concave)
Iteration 252: log likelihood = -2023.9773  (not concave)
Iteration 253: log likelihood = -2022.0732  (not concave)
Iteration 254: log likelihood = -2020.1692  (not concave)
Iteration 255: log likelihood = -2018.2651  (not concave)
Iteration 256: log likelihood = -2016.3611  (not concave)
Iteration 257: log likelihood = -2014.4572  (not concave)
Iteration 258: log likelihood = -2012.5533  (not concave)
Iteration 259: log likelihood = -2010.6494  (not concave)
Iteration 260: log likelihood = -2008.7455  (not concave)
Iteration 261: log likelihood = -2006.8417  (not concave)
Iteration 262: log likelihood = -2004.9379  (not concave)
Iteration 263: log likelihood = -2003.0341  (not concave)
Iteration 264: log likelihood = -2001.1304  (not concave)
Iteration 265: log likelihood = -1999.2267  (not concave)
Iteration 266: log likelihood =  -1997.323  (not concave)
Iteration 267: log likelihood = -1995.4194  (not concave)
Iteration 268: log likelihood = -1993.5158  (not concave)
Iteration 269: log likelihood = -1991.6123  (not concave)
Iteration 270: log likelihood = -1989.7088  (not concave)
Iteration 271: log likelihood = -1987.8053  (not concave)
Iteration 272: log likelihood = -1985.9018  (not concave)
Iteration 273: log likelihood = -1983.9984  (not concave)
Iteration 274: log likelihood =  -1982.095  (not concave)
Iteration 275: log likelihood = -1980.1917  (not concave)
Iteration 276: log likelihood = -1978.2884  (not concave)
Iteration 277: log likelihood = -1976.3851  (not concave)
Iteration 278: log likelihood = -1974.4819  (not concave)
Iteration 279: log likelihood = -1972.5787  (not concave)
Iteration 280: log likelihood = -1970.6755  (not concave)
Iteration 281: log likelihood = -1968.7724  (not concave)
Iteration 282: log likelihood = -1966.8693  (not concave)
Iteration 283: log likelihood = -1964.9663  (not concave)
Iteration 284: log likelihood = -1963.0632  (not concave)
Iteration 285: log likelihood = -1961.1603  (not concave)
Iteration 286: log likelihood = -1959.2573  (not concave)
Iteration 287: log likelihood = -1957.3544  (not concave)
Iteration 288: log likelihood = -1955.4515  (not concave)
Iteration 289: log likelihood = -1953.5487  (not concave)
Iteration 290: log likelihood = -1951.6459  (not concave)
Iteration 291: log likelihood = -1949.7431  (not concave)
Iteration 292: log likelihood = -1947.8404  (not concave)
Iteration 293: log likelihood = -1945.9377  (not concave)
Iteration 294: log likelihood =  -1944.035  (not concave)
Iteration 295: log likelihood = -1942.1324  (not concave)
Iteration 296: log likelihood = -1940.2298  (not concave)
Iteration 297: log likelihood = -1938.3273  (not concave)
Iteration 298: log likelihood = -1936.4248  (not concave)
Iteration 299: log likelihood = -1934.5223  (not concave)
Iteration 300: log likelihood = -1932.6199  (not concave)
Iteration 301: log likelihood = -1930.7175  (not concave)
Iteration 302: log likelihood = -1928.8151  (not concave)
Iteration 303: log likelihood = -1926.9128  (not concave)
Iteration 304: log likelihood = -1925.0105  (not concave)
Iteration 305: log likelihood = -1923.1083  (not concave)
Iteration 306: log likelihood =  -1921.206  (not concave)
Iteration 307: log likelihood = -1919.3039  (not concave)
Iteration 308: log likelihood = -1917.4017  (not concave)
Iteration 309: log likelihood = -1915.4996  (not concave)
Iteration 310: log likelihood = -1913.5975  (not concave)
Iteration 311: log likelihood = -1911.6955  (not concave)
Iteration 312: log likelihood = -1909.7935  (not concave)
Iteration 313: log likelihood = -1907.8915  (not concave)
Iteration 314: log likelihood = -1905.9896  (not concave)
Iteration 315: log likelihood = -1904.0877  (not concave)
Iteration 316: log likelihood = -1902.1858  (not concave)
Iteration 317: log likelihood =  -1900.284  (not concave)
Iteration 318: log likelihood = -1898.3822  (not concave)
Iteration 319: log likelihood = -1896.4804  (not concave)
Iteration 320: log likelihood = -1894.5787  (not concave)
Iteration 321: log likelihood =  -1892.677  (not concave)
Iteration 322: log likelihood = -1890.7754  (not concave)
Iteration 323: log likelihood = -1888.8738  (not concave)
Iteration 324: log likelihood = -1886.9722  (not concave)
Iteration 325: log likelihood = -1885.0706  (not concave)
Iteration 326: log likelihood = -1883.1691  (not concave)
Iteration 327: log likelihood = -1881.2676  (not concave)
Iteration 328: log likelihood = -1879.3662  (not concave)
Iteration 329: log likelihood = -1877.4648  (not concave)
Iteration 330: log likelihood = -1875.5634  (not concave)
Iteration 331: log likelihood =  -1873.662  (not concave)
Iteration 332: log likelihood = -1871.7607  (not concave)
Iteration 333: log likelihood = -1869.8594  (not concave)
Iteration 334: log likelihood = -1867.9582  (not concave)
Iteration 335: log likelihood =  -1866.057  (not concave)
Iteration 336: log likelihood = -1864.1558  (not concave)
Iteration 337: log likelihood = -1862.2546  (not concave)
Iteration 338: log likelihood = -1860.3535  (not concave)
Iteration 339: log likelihood = -1858.4524  (not concave)
Iteration 340: log likelihood = -1856.5513  (not concave)
Iteration 341: log likelihood = -1854.6503  (not concave)
Iteration 342: log likelihood = -1852.7493  (not concave)
Iteration 343: log likelihood = -1850.8484  (not concave)
Iteration 344: log likelihood = -1848.9474  (not concave)
Iteration 345: log likelihood = -1847.0465  (not concave)
Iteration 346: log likelihood = -1845.1456  (not concave)
Iteration 347: log likelihood = -1843.2448  (not concave)
Iteration 348: log likelihood = -1841.3439  (not concave)
Iteration 349: log likelihood = -1839.4432  (not concave)
Iteration 350: log likelihood = -1837.5424  (not concave)
Iteration 351: log likelihood = -1835.6417  (not concave)
Iteration 352: log likelihood =  -1833.741  (not concave)
Iteration 353: log likelihood = -1831.8403  (not concave)
Iteration 354: log likelihood = -1829.9396  (not concave)
Iteration 355: log likelihood = -1828.0391  (not concave)
Iteration 356: log likelihood = -1826.1384  (not concave)
Iteration 357: log likelihood = -1824.2379  (not concave)
Iteration 358: log likelihood = -1822.3373  (not concave)
Iteration 359: log likelihood = -1820.4369  (not concave)
Iteration 360: log likelihood = -1818.5363  (not concave)
Iteration 361: log likelihood = -1816.6359  (not concave)
Iteration 362: log likelihood = -1814.7355  (not concave)
Iteration 363: log likelihood = -1812.8351  (not concave)
Iteration 364: log likelihood = -1810.9347  (not concave)
Iteration 365: log likelihood = -1809.0344  (not concave)
Iteration 366: log likelihood =  -1807.134  (not concave)
Iteration 367: log likelihood = -1805.2337  (not concave)
Iteration 368: log likelihood = -1803.3334  (not concave)
Iteration 369: log likelihood = -1801.4332  (not concave)
Iteration 370: log likelihood = -1799.5329  (not concave)
Iteration 371: log likelihood = -1797.6328  (not concave)
Iteration 372: log likelihood = -1795.7326  (not concave)
Iteration 373: log likelihood = -1793.8324  (not concave)
Iteration 374: log likelihood = -1791.9323  (not concave)
Iteration 375: log likelihood = -1790.0322  (not concave)
Iteration 376: log likelihood = -1788.1321  (not concave)
Iteration 377: log likelihood =  -1786.232  (not concave)
Iteration 378: log likelihood =  -1784.332  (not concave)
Iteration 379: log likelihood =  -1782.432  (not concave)
Iteration 380: log likelihood =  -1780.532  (not concave)
Iteration 381: log likelihood =  -1778.632  (not concave)
Iteration 382: log likelihood =  -1776.732  (not concave)
Iteration 383: log likelihood = -1774.8321  (not concave)
Iteration 384: log likelihood = -1772.9322  (not concave)
Iteration 385: log likelihood = -1771.0323  (not concave)
Iteration 386: log likelihood = -1769.1324  (not concave)
Iteration 387: log likelihood = -1767.2326  (not concave)
Iteration 388: log likelihood = -1765.3327  (not concave)
Iteration 389: log likelihood = -1763.4329  (not concave)
Iteration 390: log likelihood = -1761.5331  (not concave)
Iteration 391: log likelihood = -1759.6334  (not concave)
Iteration 392: log likelihood = -1757.7336  (not concave)
Iteration 393: log likelihood = -1755.8339  (not concave)
Iteration 394: log likelihood = -1753.9341  (not concave)
Iteration 395: log likelihood = -1752.0345  (not concave)
Iteration 396: log likelihood = -1750.1347  (not concave)
Iteration 397: log likelihood = -1748.2351  (not concave)
Iteration 398: log likelihood = -1746.3354  (not concave)
Iteration 399: log likelihood = -1744.4358  (not concave)
Iteration 400: log likelihood = -1742.5362  (not concave)
Iteration 401: log likelihood = -1740.6366  (not concave)
Iteration 402: log likelihood =  -1738.737  (not concave)
Iteration 403: log likelihood = -1736.8375  (not concave)
Iteration 404: log likelihood = -1734.9379  (not concave)
Iteration 405: log likelihood = -1733.0384  (not concave)
Iteration 406: log likelihood = -1731.1389  (not concave)
Iteration 407: log likelihood = -1729.2394  (not concave)
Iteration 408: log likelihood = -1727.3399  (not concave)
Iteration 409: log likelihood = -1725.4404  (not concave)
Iteration 410: log likelihood =  -1723.541  (not concave)
Iteration 411: log likelihood = -1721.6416  (not concave)
Iteration 412: log likelihood = -1719.7421  (not concave)
Iteration 413: log likelihood = -1717.8427  (not concave)
Iteration 414: log likelihood = -1715.9433  (not concave)
Iteration 415: log likelihood =  -1714.044  (not concave)
Iteration 416: log likelihood = -1712.1445  (not concave)
Iteration 417: log likelihood = -1710.2452  (not concave)
Iteration 418: log likelihood = -1708.3458  (not concave)
Iteration 419: log likelihood = -1706.4466  (not concave)
Iteration 420: log likelihood = -1704.5472  (not concave)
Iteration 421: log likelihood =  -1702.648  (not concave)
Iteration 422: log likelihood = -1700.7486  (not concave)
Iteration 423: log likelihood = -1698.8494  (not concave)
Iteration 424: log likelihood = -1696.9501  (not concave)
Iteration 425: log likelihood = -1695.0509  (not concave)
Iteration 426: log likelihood = -1693.1516  (not concave)
Iteration 427: log likelihood = -1691.2524  (not concave)
Iteration 428: log likelihood = -1689.3532  (not concave)
Iteration 429: log likelihood =  -1687.454  (not concave)
Iteration 430: log likelihood = -1685.5548  (not concave)
Iteration 431: log likelihood = -1683.6556  (not concave)
Iteration 432: log likelihood = -1681.7564  (not concave)
Iteration 433: log likelihood = -1679.8573  (not concave)
Iteration 434: log likelihood = -1677.9581  (not concave)
Iteration 435: log likelihood =  -1676.059  (not concave)
Iteration 436: log likelihood = -1674.1598  (not concave)
Iteration 437: log likelihood = -1672.2608  (not concave)
Iteration 438: log likelihood = -1670.3616  (not concave)
Iteration 439: log likelihood = -1668.4626  (not concave)
Iteration 440: log likelihood = -1666.5634  (not concave)
Iteration 441: log likelihood = -1664.6644  (not concave)
Iteration 442: log likelihood = -1662.7653  (not concave)
Iteration 443: log likelihood = -1660.8663  (not concave)
Iteration 444: log likelihood = -1658.9672  (not concave)
Iteration 445: log likelihood = -1657.0682  (not concave)
Iteration 446: log likelihood = -1655.1691  (not concave)
Iteration 447: log likelihood = -1653.2701  (not concave)
Iteration 448: log likelihood = -1651.3711  (not concave)
Iteration 449: log likelihood = -1649.4721  (not concave)
Iteration 450: log likelihood =  -1647.573  (not concave)
Iteration 451: log likelihood = -1645.6741  (not concave)
Iteration 452: log likelihood = -1643.7751  (not concave)
Iteration 453: log likelihood = -1641.8761  (not concave)
Iteration 454: log likelihood = -1639.9771  (not concave)
Iteration 455: log likelihood = -1638.0782  (not concave)
Iteration 456: log likelihood = -1636.1792  (not concave)
Iteration 457: log likelihood = -1634.2803  (not concave)
Iteration 458: log likelihood = -1632.3814  (not concave)
Iteration 459: log likelihood = -1630.4825  (not concave)
Iteration 460: log likelihood = -1628.5835  (not concave)
Iteration 461: log likelihood = -1626.6846  (not concave)
Iteration 462: log likelihood = -1624.7857  (not concave)
Iteration 463: log likelihood = -1622.8868  (not concave)
Iteration 464: log likelihood = -1620.9879  (not concave)
Iteration 465: log likelihood =  -1619.089  (not concave)
Iteration 466: log likelihood = -1617.1901  (not concave)
Iteration 467: log likelihood = -1615.2913  (not concave)
Iteration 468: log likelihood = -1613.3924  (not concave)
Iteration 469: log likelihood = -1611.4936  (not concave)
Iteration 470: log likelihood = -1609.5947  (not concave)
Iteration 471: log likelihood = -1607.6959  (not concave)
Iteration 472: log likelihood =  -1605.797  (not concave)
Iteration 473: log likelihood = -1603.8982  (not concave)
Iteration 474: log likelihood = -1601.9993  (not concave)
Iteration 475: log likelihood = -1600.1005  (not concave)
Iteration 476: log likelihood = -1598.2017  (not concave)
Iteration 477: log likelihood = -1596.3029  (not concave)
Iteration 478: log likelihood =  -1594.404  (not concave)
Iteration 479: log likelihood = -1592.5053  (not concave)
Iteration 480: log likelihood = -1590.6064  (not concave)
Iteration 481: log likelihood = -1588.7077  (not concave)
Iteration 482: log likelihood = -1586.8088  (not concave)
Iteration 483: log likelihood = -1584.9101  (not concave)
Iteration 484: log likelihood = -1583.0113  (not concave)
Iteration 485: log likelihood = -1581.1126  (not concave)
Iteration 486: log likelihood = -1579.2137  (not concave)
Iteration 487: log likelihood =  -1577.315  (not concave)
Iteration 488: log likelihood = -1575.4162  (not concave)
Iteration 489: log likelihood = -1573.5175  (not concave)
Iteration 490: log likelihood = -1571.6187  (not concave)
Iteration 491: log likelihood =   -1569.72  (not concave)
Iteration 492: log likelihood = -1567.8212  (not concave)
Iteration 493: log likelihood = -1565.9225  (not concave)
Iteration 494: log likelihood = -1564.0237  (not concave)
Iteration 495: log likelihood = -1562.1251  (not concave)
Iteration 496: log likelihood = -1560.2263  (not concave)
Iteration 497: log likelihood = -1558.3276  (not concave)
Iteration 498: log likelihood = -1556.4288  (not concave)
Iteration 499: log likelihood = -1554.5302  (not concave)
Iteration 500: log likelihood = -1552.6314  (not concave)
Iteration 501: log likelihood = -1550.7328  (not concave)
Iteration 502: log likelihood =  -1548.834  (not concave)
Iteration 503: log likelihood = -1546.9353  (not concave)
Iteration 504: log likelihood = -1545.0366  (not concave)
Iteration 505: log likelihood =  -1543.138  (not concave)
Iteration 506: log likelihood = -1541.2392  (not concave)
Iteration 507: log likelihood = -1539.3406  (not concave)
Iteration 508: log likelihood = -1537.4418  (not concave)
Iteration 509: log likelihood = -1535.5432  (not concave)
Iteration 510: log likelihood = -1533.6445  (not concave)
Iteration 511: log likelihood = -1531.7459  (not concave)
Iteration 512: log likelihood = -1529.8471  (not concave)
Iteration 513: log likelihood = -1527.9485  (not concave)
Iteration 514: log likelihood = -1526.0498  (not concave)
Iteration 515: log likelihood = -1524.1512  (not concave)
Iteration 516: log likelihood = -1522.2525  (not concave)
Iteration 517: log likelihood = -1520.3539  (not concave)
Iteration 518: log likelihood = -1518.4552  (not concave)
Iteration 519: log likelihood = -1516.5566  (not concave)
Iteration 520: log likelihood = -1514.6579  (not concave)
Iteration 521: log likelihood = -1512.7593  (not concave)
Iteration 522: log likelihood = -1510.8606  (not concave)
Iteration 523: log likelihood =  -1508.962  (not concave)
Iteration 524: log likelihood = -1507.0633  (not concave)
Iteration 525: log likelihood = -1505.1647  (not concave)
Iteration 526: log likelihood =  -1503.266  (not concave)
Iteration 527: log likelihood = -1501.3674  (not concave)
Iteration 528: log likelihood = -1499.4688  (not concave)
Iteration 529: log likelihood = -1497.5702  (not concave)
Iteration 530: log likelihood = -1495.6715  (not concave)
Iteration 531: log likelihood = -1493.7729  (not concave)
Iteration 532: log likelihood = -1491.8743  (not concave)
Iteration 533: log likelihood = -1489.9757  (not concave)
Iteration 534: log likelihood =  -1488.077  (not concave)
Iteration 535: log likelihood = -1486.1785  (not concave)
Iteration 536: log likelihood = -1484.2798  (not concave)
Iteration 537: log likelihood = -1482.3812  (not concave)
Iteration 538: log likelihood = -1480.4826  (not concave)
Iteration 539: log likelihood =  -1478.584  (not concave)
Iteration 540: log likelihood = -1476.6854  (not concave)
Iteration 541: log likelihood = -1474.7868  (not concave)
Iteration 542: log likelihood = -1472.8882  (not concave)
Iteration 543: log likelihood = -1470.9896  (not concave)
Iteration 544: log likelihood =  -1469.091  (not concave)
Iteration 545: log likelihood = -1467.1924  (not concave)
Iteration 546: log likelihood = -1465.2938  (not concave)
Iteration 547: log likelihood = -1463.3952  (not concave)
Iteration 548: log likelihood = -1461.4966  (not concave)
Iteration 549: log likelihood = -1459.5981  (not concave)
Iteration 550: log likelihood = -1457.6994  (not concave)
Iteration 551: log likelihood = -1455.8009  (not concave)
Iteration 552: log likelihood = -1453.9023  (not concave)
Iteration 553: log likelihood = -1452.0037  (not concave)
Iteration 554: log likelihood = -1450.1051  (not concave)
Iteration 555: log likelihood = -1448.2066  (not concave)
Iteration 556: log likelihood = -1446.3079  (not concave)
Iteration 557: log likelihood = -1444.4094  (not concave)
Iteration 558: log likelihood = -1442.5108  (not concave)
Iteration 559: log likelihood = -1440.6123  (not concave)
Iteration 560: log likelihood = -1438.7136  (not concave)
Iteration 561: log likelihood = -1436.8151  (not concave)
Iteration 562: log likelihood = -1434.9165  (not concave)
Iteration 563: log likelihood =  -1433.018  (not concave)
Iteration 564: log likelihood = -1431.1193  (not concave)
Iteration 565: log likelihood = -1429.2208  (not concave)
Iteration 566: log likelihood = -1427.3222  (not concave)
Iteration 567: log likelihood = -1425.4237  (not concave)
Iteration 568: log likelihood = -1423.5251  (not concave)
Iteration 569: log likelihood = -1421.6266  (not concave)
Iteration 570: log likelihood =  -1419.728  (not concave)
Iteration 571: log likelihood = -1417.8295  (not concave)
Iteration 572: log likelihood = -1415.9308  (not concave)
Iteration 573: log likelihood = -1414.0323  (not concave)
Iteration 574: log likelihood = -1412.1337  (not concave)
Iteration 575: log likelihood = -1410.2352  (not concave)
Iteration 576: log likelihood = -1408.3366  (not concave)
Iteration 577: log likelihood = -1406.4381  (not concave)
Iteration 578: log likelihood = -1404.5395  (not concave)
Iteration 579: log likelihood =  -1402.641  (not concave)
Iteration 580: log likelihood = -1400.7424  (not concave)
Iteration 581: log likelihood = -1398.8439  (not concave)
Iteration 582: log likelihood = -1396.9453  (not concave)
Iteration 583: log likelihood = -1395.0468  (not concave)
Iteration 584: log likelihood = -1393.1482  (not concave)
Iteration 585: log likelihood = -1391.2497  (not concave)
Iteration 586: log likelihood = -1389.3511  (not concave)
Iteration 587: log likelihood = -1387.4526  (not concave)
Iteration 588: log likelihood =  -1385.554  (not concave)
Iteration 589: log likelihood = -1383.6555  (not concave)
Iteration 590: log likelihood = -1381.7569  (not concave)
Iteration 591: log likelihood = -1379.8584  (not concave)
Iteration 592: log likelihood = -1377.9599  (not concave)
Iteration 593: log likelihood = -1376.0614  (not concave)
Iteration 594: log likelihood = -1374.1628  (not concave)
Iteration 595: log likelihood = -1372.2643  (not concave)
Iteration 596: log likelihood = -1370.3657  (not concave)
Iteration 597: log likelihood = -1368.4672  (not concave)
Iteration 598: log likelihood = -1366.5686  (not concave)
Iteration 599: log likelihood = -1364.6701  (not concave)
Iteration 600: log likelihood = -1362.7715  (not concave)
Iteration 601: log likelihood = -1360.8731  (not concave)
Iteration 602: log likelihood = -1358.9745  (not concave)
Iteration 603: log likelihood =  -1357.076  (not concave)
Iteration 604: log likelihood = -1355.1774  (not concave)
Iteration 605: log likelihood = -1353.2789  (not concave)
Iteration 606: log likelihood = -1351.3803  (not concave)
Iteration 607: log likelihood = -1349.4819  (not concave)
Iteration 608: log likelihood = -1347.5833  (not concave)
Iteration 609: log likelihood = -1345.6848  (not concave)
Iteration 610: log likelihood = -1343.7862  (not concave)
Iteration 611: log likelihood = -1341.8877  (not concave)
Iteration 612: log likelihood = -1339.9892  (not concave)
Iteration 613: log likelihood = -1338.0907  (not concave)
Iteration 614: log likelihood = -1336.1921  (not concave)
Iteration 615: log likelihood = -1334.2936  (not concave)
Iteration 616: log likelihood =  -1332.395  (not concave)
Iteration 617: log likelihood = -1330.4966  (not concave)
Iteration 618: log likelihood =  -1328.598  (not concave)
Iteration 619: log likelihood = -1326.6995  (not concave)
Iteration 620: log likelihood = -1324.8009  (not concave)
Iteration 621: log likelihood = -1322.9025  (not concave)
Iteration 622: log likelihood = -1321.0039  (not concave)
Iteration 623: log likelihood = -1319.1054  (not concave)
Iteration 624: log likelihood = -1317.2068  (not concave)
Iteration 625: log likelihood = -1315.3084  (not concave)
Iteration 626: log likelihood = -1313.4098  (not concave)
Iteration 627: log likelihood = -1311.5113  (not concave)
Iteration 628: log likelihood = -1309.6127  (not concave)
Iteration 629: log likelihood = -1307.7143  (not concave)
Iteration 630: log likelihood = -1305.8157  (not concave)
Iteration 631: log likelihood = -1303.9172  (not concave)
Iteration 632: log likelihood = -1302.0187  (not concave)
Iteration 633: log likelihood = -1300.1202  (not concave)
Iteration 634: log likelihood = -1298.2216  (not concave)
Iteration 635: log likelihood = -1296.3232  (not concave)
Iteration 636: log likelihood = -1294.4246  (not concave)
Iteration 637: log likelihood = -1292.5261  (not concave)
Iteration 638: log likelihood = -1290.6275  (not concave)
Iteration 639: log likelihood = -1288.7291  (not concave)
Iteration 640: log likelihood = -1286.8305  (not concave)
Iteration 641: log likelihood =  -1284.932  (not concave)
Iteration 642: log likelihood = -1283.0335  (not concave)
Iteration 643: log likelihood =  -1281.135  (not concave)
Iteration 644: log likelihood = -1279.2364  (not concave)
Iteration 645: log likelihood =  -1277.338  (not concave)
Iteration 646: log likelihood = -1275.4394  (not concave)
Iteration 647: log likelihood = -1273.5409  (not concave)
Iteration 648: log likelihood = -1271.6424  (not concave)
Iteration 649: log likelihood = -1269.7439  (not concave)
Iteration 650: log likelihood = -1267.8453  (not concave)
Iteration 651: log likelihood = -1265.9469  (not concave)
Iteration 652: log likelihood = -1264.0483  (not concave)
Iteration 653: log likelihood = -1262.1498  (not concave)
Iteration 654: log likelihood = -1260.2513  (not concave)
Iteration 655: log likelihood = -1258.3528  (not concave)
Iteration 656: log likelihood = -1256.4543  (not concave)
Iteration 657: log likelihood = -1254.5558  (not concave)
Iteration 658: log likelihood = -1252.6572  (not concave)
Iteration 659: log likelihood = -1250.7588  (not concave)
Iteration 660: log likelihood = -1248.8602  (not concave)
Iteration 661: log likelihood = -1246.9617  (not concave)
Iteration 662: log likelihood = -1245.0632  (not concave)
Iteration 663: log likelihood = -1243.1647  (not concave)
Iteration 664: log likelihood = -1241.2661  (not concave)
Iteration 665: log likelihood = -1239.3677  (not concave)
Iteration 666: log likelihood = -1237.4691  (not concave)
Iteration 667: log likelihood = -1235.5707  (not concave)
Iteration 668: log likelihood = -1233.6721  (not concave)
Iteration 669: log likelihood = -1231.7736  (not concave)
Iteration 670: log likelihood = -1229.8751  (not concave)
Iteration 671: log likelihood = -1227.9766  (not concave)
Iteration 672: log likelihood = -1226.0781  (not concave)
Iteration 673: log likelihood = -1224.1796  (not concave)
Iteration 674: log likelihood =  -1222.281  (not concave)
Iteration 675: log likelihood = -1220.3826  (not concave)
Iteration 676: log likelihood =  -1218.484  (not concave)
Iteration 677: log likelihood = -1216.5856  (not concave)
Iteration 678: log likelihood =  -1214.687  (not concave)
Iteration 679: log likelihood = -1212.7885  (not concave)
Iteration 680: log likelihood =   -1210.89  (not concave)
Iteration 681: log likelihood = -1208.9915  (not concave)
Iteration 682: log likelihood =  -1207.093  (not concave)
Iteration 683: log likelihood = -1205.1945  (not concave)
Iteration 684: log likelihood = -1203.2959  (not concave)
Iteration 685: log likelihood = -1201.3975  (not concave)
Iteration 686: log likelihood = -1199.4989  (not concave)
Iteration 687: log likelihood = -1197.6005  (not concave)
Iteration 688: log likelihood = -1195.7019  (not concave)
Iteration 689: log likelihood = -1193.8034  (not concave)
Iteration 690: log likelihood = -1191.9049  (not concave)
Iteration 691: log likelihood = -1190.0064  (not concave)
Iteration 692: log likelihood = -1188.1079  (not concave)
Iteration 693: log likelihood = -1186.2094  (not concave)
Iteration 694: log likelihood = -1184.3108  (not concave)
Iteration 695: log likelihood = -1182.4124  (not concave)
Iteration 696: log likelihood = -1180.5138  (not concave)
Iteration 697: log likelihood = -1178.6154  (not concave)
Iteration 698: log likelihood = -1176.7168  (not concave)
Iteration 699: log likelihood = -1174.8184  (not concave)
Iteration 700: log likelihood = -1172.9198  (not concave)
Iteration 701: log likelihood = -1171.0213  (not concave)
Iteration 702: log likelihood = -1169.1228  (not concave)
Iteration 703: log likelihood = -1167.2243  (not concave)
Iteration 704: log likelihood = -1165.3258  (not concave)
Iteration 705: log likelihood = -1163.4273  (not concave)
Iteration 706: log likelihood = -1161.5288  (not concave)
Iteration 707: log likelihood = -1159.6303  (not concave)
Iteration 708: log likelihood = -1157.7317  (not concave)
Iteration 709: log likelihood = -1155.8333  (not concave)
Iteration 710: log likelihood = -1153.9347  (not concave)
Iteration 711: log likelihood = -1152.0363  (not concave)
Iteration 712: log likelihood = -1150.1377  (not concave)
Iteration 713: log likelihood = -1148.2393  (not concave)
Iteration 714: log likelihood = -1146.3407  (not concave)
Iteration 715: log likelihood = -1144.4422  (not concave)
Iteration 716: log likelihood = -1142.5437  (not concave)
Iteration 717: log likelihood = -1140.6452  (not concave)
Iteration 718: log likelihood = -1138.7467  (not concave)
Iteration 719: log likelihood = -1136.8482  (not concave)
Iteration 720: log likelihood = -1134.9497  (not concave)
Iteration 721: log likelihood = -1133.0512  (not concave)
Iteration 722: log likelihood = -1131.1526  (not concave)
Iteration 723: log likelihood = -1129.2542  (not concave)
Iteration 724: log likelihood = -1127.3556  (not concave)
Iteration 725: log likelihood = -1125.4572  (not concave)
Iteration 726: log likelihood = -1123.5586  (not concave)
Iteration 727: log likelihood = -1121.6602  (not concave)
Iteration 728: log likelihood = -1119.7616  (not concave)
Iteration 729: log likelihood = -1117.8632  (not concave)
Iteration 730: log likelihood = -1115.9646  (not concave)
Iteration 731: log likelihood = -1114.0661  (not concave)
Iteration 732: log likelihood = -1112.1676  (not concave)
Iteration 733: log likelihood = -1110.2691  (not concave)
Iteration 734: log likelihood = -1108.3706  (not concave)
Iteration 735: log likelihood = -1106.4721  (not concave)
Iteration 736: log likelihood = -1104.5736  (not concave)
Iteration 737: log likelihood = -1102.6751  (not concave)
Iteration 738: log likelihood = -1100.7766  (not concave)
Iteration 739: log likelihood = -1098.8781  (not concave)
Iteration 740: log likelihood = -1096.9795  (not concave)
Iteration 741: log likelihood = -1095.0811  (not concave)
Iteration 742: log likelihood = -1093.1825  (not concave)
Iteration 743: log likelihood = -1091.2841  (not concave)
Iteration 744: log likelihood = -1089.3855  (not concave)
Iteration 745: log likelihood = -1087.4871  (not concave)
Iteration 746: log likelihood = -1085.5885  (not concave)
Iteration 747: log likelihood = -1083.6901  (not concave)
Iteration 748: log likelihood = -1081.7915  (not concave)
Iteration 749: log likelihood =  -1079.893  (not concave)
Iteration 750: log likelihood = -1077.9945  (not concave)
Iteration 751: log likelihood =  -1076.096  (not concave)
Iteration 752: log likelihood = -1074.1975  (not concave)
Iteration 753: log likelihood =  -1072.299  (not concave)
Iteration 754: log likelihood = -1070.4005  (not concave)
Iteration 755: log likelihood =  -1068.502  (not concave)
Iteration 756: log likelihood = -1066.6035  (not concave)
Iteration 757: log likelihood =  -1064.705  (not concave)
Iteration 758: log likelihood = -1062.8064  (not concave)
Iteration 759: log likelihood =  -1060.908  (not concave)
Iteration 760: log likelihood = -1059.0094  (not concave)
Iteration 761: log likelihood =  -1057.111  (not concave)
Iteration 762: log likelihood = -1055.2124  (not concave)
Iteration 763: log likelihood =  -1053.314  (not concave)
Iteration 764: log likelihood = -1051.4154  (not concave)
Iteration 765: log likelihood =  -1049.517  (not concave)
Iteration 766: log likelihood = -1047.6184  (not concave)
Iteration 767: log likelihood =   -1045.72  (not concave)
Iteration 768: log likelihood = -1043.8214  (not concave)
Iteration 769: log likelihood = -1041.9229  (not concave)
Iteration 770: log likelihood = -1040.0244  (not concave)
Iteration 771: log likelihood = -1038.1259  (not concave)
Iteration 772: log likelihood = -1036.2274  (not concave)
Iteration 773: log likelihood = -1034.3289  (not concave)
Iteration 774: log likelihood = -1032.4304  (not concave)
Iteration 775: log likelihood = -1030.5319  (not concave)
Iteration 776: log likelihood = -1028.6334  (not concave)
Iteration 777: log likelihood = -1026.7349  (not concave)
Iteration 778: log likelihood = -1024.8363  (not concave)
Iteration 779: log likelihood = -1022.9379  (not concave)
Iteration 780: log likelihood = -1021.0393  (not concave)
Iteration 781: log likelihood = -1019.1409  (not concave)
Iteration 782: log likelihood = -1017.2423  (not concave)
Iteration 783: log likelihood = -1015.3439  (not concave)
Iteration 784: log likelihood = -1013.4453  (not concave)
Iteration 785: log likelihood = -1011.5469  (not concave)
Iteration 786: log likelihood = -1009.6483  (not concave)
Iteration 787: log likelihood = -1007.7499  (not concave)
Iteration 788: log likelihood = -1005.8513  (not concave)
Iteration 789: log likelihood = -1003.9528  (not concave)
Iteration 790: log likelihood = -1002.0543  (not concave)
Iteration 791: log likelihood = -1000.1558  (not concave)
Iteration 792: log likelihood = -998.25728  (not concave)
Iteration 793: log likelihood = -996.35883  (not concave)
Iteration 794: log likelihood = -994.46027  (not concave)
Iteration 795: log likelihood = -992.56182  (not concave)
--Break--
r(1);

end of do-file

--Break--
r(1);

