------------------------------------------------------------------------------------------------------------------------------
      name:  <unnamed>
       log:  /Users/davidwan/Downloads/MRP Project/MRPanalysis.log
  log type:  text
 opened on:   7 Dec 2018, 03:31:22

. * Create log file
. 
. clear

. use "/Users/davidwan/Downloads/MRP Project/NSDUHcleanfinal.dta"

. * Use combined NSDUH dataset which has been cleaned
. set more off

. 
. * Education variables (Omitted group is High School graduates)
. * lessthanhs somecol colgrad 
. 
. * Age (Omitted group is people 20 to 25)
. * under20 twenty6to29 thirtyto34 thirty5to49 fiftyto64 sixty5andover
. 
. * Employment Status (Omitted Group is full time workers)
. * parttimewrk volunteerwrk umemployed disabled housekeeper student retiree nojobother
. 
. * Income (Omitted group is people making 75k and over)
. * tenkorlower tenkto20k twentykto30k thirtykto40k fourtykto50k fiftykto75k
. 
. * Race (Omitted group is white)
. * black nativeam nativehi asian hispanic multirace
. 
. * Gender (Omitted group is females)
. * male
. 
. * Marijuana Law regime
. tab MEDMJLAW

   MEDMJLAW |      Freq.     Percent        Cum.
------------+-----------------------------------
          0 |     76,682       52.22       52.22
          1 |     70,149       47.78      100.00
------------+-----------------------------------
      Total |    146,831      100.00

. 
. * Marijuana Use intensity in last month
. tab marjmth

    marjmth |      Freq.     Percent        Cum.
------------+-----------------------------------
          0 |    129,322       88.08       88.08
          1 |      2,297        1.56       89.64
          2 |      1,577        1.07       90.71
          3 |      1,039        0.71       91.42
          4 |        784        0.53       91.96
          5 |        930        0.63       92.59
          6 |        339        0.23       92.82
          7 |        501        0.34       93.16
          8 |        274        0.19       93.35
          9 |        114        0.08       93.43
         10 |        719        0.49       93.91
         11 |         38        0.03       93.94
         12 |        309        0.21       94.15
         13 |         68        0.05       94.20
         14 |        125        0.09       94.28
         15 |        787        0.54       94.82
         16 |        104        0.07       94.89
         17 |         76        0.05       94.94
         18 |        102        0.07       95.01
         19 |         46        0.03       95.04
         20 |      1,173        0.80       95.84
         21 |         67        0.05       95.89
         22 |         87        0.06       95.95
         23 |         95        0.06       96.01
         24 |        132        0.09       96.10
         25 |        927        0.63       96.73
         26 |        150        0.10       96.83
         27 |        231        0.16       96.99
         28 |        456        0.31       97.30
         29 |        247        0.17       97.47
         30 |      3,715        2.53      100.00
------------+-----------------------------------
      Total |    146,831      100.00

. 
. drop if minor == 1
(20,584 observations deleted)

. * 20584 non adult observerations dropped 
. 
. * Marijuana Use participation in last month
. gen marjmthpart = 1

. replace marjmthpart = 0 if marjmth == 0
(111,187 real changes made)

. 
. *Marijuana Use intesnity in last year
. tab mrdaypyr

  # DAYS USED MARIJUANA/HASHISH PAST 12 |
                                 MONTHS |      Freq.     Percent        Cum.
----------------------------------------+-----------------------------------
                                      1 |      1,406        1.11        1.11
                                      2 |      1,240        0.98        2.10
                                      3 |      1,121        0.89        2.98
                                      4 |        695        0.55        3.53
                                      5 |        865        0.69        4.22
                                      6 |        373        0.30        4.51
                                      7 |        160        0.13        4.64
                                      8 |        159        0.13        4.77
                                      9 |         47        0.04        4.80
                                     10 |        516        0.41        5.21
                                     11 |          8        0.01        5.22
                                     12 |        140        0.11        5.33
                                     13 |         25        0.02        5.35
                                     14 |         40        0.03        5.38
                                     15 |        196        0.16        5.54
                                     16 |         12        0.01        5.55
                                     17 |         12        0.01        5.56
                                     18 |         13        0.01        5.57
                                     19 |          8        0.01        5.57
                                     20 |        204        0.16        5.73
                                     21 |          5        0.00        5.74
                                     22 |          3        0.00        5.74
                                     23 |          4        0.00        5.74
                                     24 |         20        0.02        5.76
                                     25 |         64        0.05        5.81
                                     26 |          2        0.00        5.81
                                     27 |          2        0.00        5.81
                                     28 |          3        0.00        5.82
                                     29 |          2        0.00        5.82
                                     30 |        241        0.19        6.01
                                     31 |          5        0.00        6.01
                                     32 |          1        0.00        6.01
                                     33 |          3        0.00        6.02
                                     34 |          2        0.00        6.02
                                     35 |          7        0.01        6.02
                                     36 |          6        0.00        6.03
                                     39 |          1        0.00        6.03
                                     40 |         41        0.03        6.06
                                     42 |          1        0.00        6.06
                                     45 |         13        0.01        6.07
                                     46 |          2        0.00        6.07
                                     47 |          1        0.00        6.07
                                     48 |          1        0.00        6.08
                                     49 |          1        0.00        6.08
                                     50 |         44        0.03        6.11
                                     52 |          5        0.00        6.11
                                     55 |          6        0.00        6.12
                                     58 |          1        0.00        6.12
                                     59 |          1        0.00        6.12
                                     60 |         50        0.04        6.16
                                     63 |          1        0.00        6.16
                                     65 |          1        0.00        6.16
                                     66 |          1        0.00        6.16
                                     69 |          2        0.00        6.16
                                     70 |          7        0.01        6.17
                                     71 |          2        0.00        6.17
                                     75 |          6        0.00        6.18
                                     78 |          1        0.00        6.18
                                     80 |         12        0.01        6.19
                                     81 |          1        0.00        6.19
                                     83 |          1        0.00        6.19
                                     88 |          1        0.00        6.19
                                     90 |         38        0.03        6.22
                                     93 |          1        0.00        6.22
                                     96 |          1        0.00        6.22
                                     98 |          1        0.00        6.22
                                    100 |         65        0.05        6.27
                                    109 |          1        0.00        6.27
                                    120 |         30        0.02        6.30
                                    121 |          1        0.00        6.30
                                    123 |          1        0.00        6.30
                                    124 |          1        0.00        6.30
                                    125 |          2        0.00        6.30
                                    130 |          8        0.01        6.31
                                    133 |          1        0.00        6.31
                                    145 |          1        0.00        6.31
                                    150 |         34        0.03        6.34
                                    151 |          1        0.00        6.34
                                    154 |          1        0.00        6.34
                                    160 |          7        0.01        6.34
                                    170 |          1        0.00        6.34
                                    175 |          1        0.00        6.35
                                    176 |          1        0.00        6.35
                                    180 |         15        0.01        6.36
                                    182 |          2        0.00        6.36
                                    187 |          1        0.00        6.36
                                    189 |          1        0.00        6.36
                                    190 |          1        0.00        6.36
                                    200 |         56        0.04        6.41
                                    201 |          1        0.00        6.41
                                    210 |          3        0.00        6.41
                                    220 |          1        0.00        6.41
                                    225 |          1        0.00        6.41
                                    230 |          2        0.00        6.41
                                    238 |          1        0.00        6.41
                                    240 |          2        0.00        6.42
                                    243 |          1        0.00        6.42
                                    245 |          3        0.00        6.42
                                    250 |         18        0.01        6.43
                                    255 |          1        0.00        6.43
                                    260 |          8        0.01        6.44
                                    265 |          3        0.00        6.44
                                    270 |          4        0.00        6.45
                                    275 |          1        0.00        6.45
                                    278 |          1        0.00        6.45
                                    280 |          5        0.00        6.45
                                    284 |          1        0.00        6.45
                                    285 |          2        0.00        6.45
                                    290 |          2        0.00        6.45
                                    296 |          1        0.00        6.46
                                    297 |          1        0.00        6.46
                                    300 |        109        0.09        6.54
                                    301 |          1        0.00        6.54
                                    305 |          2        0.00        6.55
                                    307 |          1        0.00        6.55
                                    310 |          5        0.00        6.55
                                    315 |          1        0.00        6.55
                                    320 |          5        0.00        6.55
                                    325 |          6        0.00        6.56
                                    330 |         15        0.01        6.57
                                    333 |          1        0.00        6.57
                                    334 |          1        0.00        6.57
                                    335 |          1        0.00        6.57
                                    340 |         19        0.02        6.59
                                    345 |         13        0.01        6.60
                                    350 |         47        0.04        6.64
                                    352 |          2        0.00        6.64
                                    354 |          4        0.00        6.64
                                    355 |          9        0.01        6.65
                                    356 |          5        0.00        6.65
                                    357 |          1        0.00        6.65
                                    358 |          3        0.00        6.66
                                    359 |          2        0.00        6.66
                                    360 |         65        0.05        6.71
                                    362 |          2        0.00        6.71
                                    363 |          4        0.00        6.71
                                    364 |         15        0.01        6.72
                                    365 |        427        0.34        7.06
                                    366 |          2        0.00        7.06
      985 - BAD DATA Logically assigned |         19        0.02        7.08
989 - LEGITIMATE SKIP Logically assigne |         84        0.07        7.15
             991 - NEVER USED MARIJUANA |     62,521       49.52       56.67
993 - DID NOT USE MARIJUANA IN THE PAST |     39,919       31.62       88.29
                       994 - DON T KNOW |         40        0.03       88.32
                          997 - REFUSED |         12        0.01       88.33
                            998 - BLANK |          2        0.00       88.33
                  999 - LEGITIMATE SKIP |     14,731       11.67      100.00
----------------------------------------+-----------------------------------
                                  Total |    126,247      100.00

. 
. * Probability models for marijuana participation
. 
. reg marjmthpart tenkorlower tenkto20k twentykto30k thirtykto40k fourtykto50k fiftykto75k MEDMJLAW lessthanhs somecol colgrad
>  male under20 twenty6to29 thirtyto34 thirty5to49 fiftyto64 sixty5andover

      Source |       SS           df       MS      Number of obs   =   126,247
-------------+----------------------------------   F(17, 126229)   =    418.11
       Model |  707.046865        17   41.590992   Prob > F        =    0.0000
    Residual |  12556.4463   126,229  .099473546   R-squared       =    0.0533
-------------+----------------------------------   Adj R-squared   =    0.0532
       Total |  13263.4932   126,246    .1050607   Root MSE        =    .31539

-------------------------------------------------------------------------------
  marjmthpart |      Coef.   Std. Err.      t    P>|t|     [95% Conf. Interval]
--------------+----------------------------------------------------------------
  tenkorlower |   .0544089   .0035014    15.54   0.000     .0475462    .0612716
    tenkto20k |   .0454184   .0032154    14.13   0.000     .0391163    .0517204
 twentykto30k |   .0416538   .0032765    12.71   0.000      .035232    .0480756
 thirtykto40k |   .0202356   .0032998     6.13   0.000     .0137682    .0267031
 fourtykto50k |   .0198076   .0032917     6.02   0.000     .0133559    .0262593
  fiftykto75k |   .0086396   .0027998     3.09   0.002     .0031521    .0141272
     MEDMJLAW |   .0489675   .0017846    27.44   0.000     .0454698    .0524652
   lessthanhs |  -.0046717    .002981    -1.57   0.117    -.0105145    .0011711
      somecol |   .0130689   .0023388     5.59   0.000     .0084848     .017653
      colgrad |  -.0179249   .0026105    -6.87   0.000    -.0230414   -.0128084
         male |   .0581273   .0017944    32.39   0.000     .0546103    .0616443
      under20 |   .0046485    .003743     1.24   0.214    -.0026878    .0119847
  twenty6to29 |  -.0364708   .0034588   -10.54   0.000      -.04325   -.0296915
   thirtyto34 |  -.0632988   .0032443   -19.51   0.000    -.0696575     -.05694
  thirty5to49 |  -.0986254    .002579   -38.24   0.000    -.1036802   -.0935706
    fiftyto64 |  -.1219535   .0031571   -38.63   0.000    -.1281415   -.1157656
sixty5andover |   -.167718   .0035808   -46.84   0.000    -.1747363   -.1606996
        _cons |   .1151028   .0033297    34.57   0.000     .1085767    .1216289
-------------------------------------------------------------------------------

. 
. reg marjmthpart tenkorlower tenkto20k twentykto30k thirtykto40k fourtykto50k fiftykto75k MEDMJLAW lessthanhs somecol colgrad
>  male under20 twenty6to29 thirtyto34 thirty5to49 fiftyto64 sixty5andover parttimewrk volunteerwrk umemployed disabled housek
> eeper student retiree nojobother 

      Source |       SS           df       MS      Number of obs   =   126,247
-------------+----------------------------------   F(25, 126221)   =    297.32
       Model |  737.627643        25  29.5051057   Prob > F        =    0.0000
    Residual |  12525.8655   126,221  .099237571   R-squared       =    0.0556
-------------+----------------------------------   Adj R-squared   =    0.0554
       Total |  13263.4932   126,246    .1050607   Root MSE        =    .31502

-------------------------------------------------------------------------------
  marjmthpart |      Coef.   Std. Err.      t    P>|t|     [95% Conf. Interval]
--------------+----------------------------------------------------------------
  tenkorlower |   .0523846   .0036363    14.41   0.000     .0452575    .0595116
    tenkto20k |   .0409213   .0032794    12.48   0.000     .0344936    .0473489
 twentykto30k |   .0393704   .0032952    11.95   0.000     .0329118    .0458289
 thirtykto40k |   .0187721   .0033049     5.68   0.000     .0122945    .0252496
 fourtykto50k |   .0184142   .0032919     5.59   0.000     .0119622    .0248663
  fiftykto75k |   .0078505    .002798     2.81   0.005     .0023665    .0133345
     MEDMJLAW |   .0487584   .0017841    27.33   0.000     .0452616    .0522551
   lessthanhs |  -.0038426   .0029879    -1.29   0.198    -.0096988    .0020136
      somecol |   .0146059   .0023563     6.20   0.000     .0099877    .0192241
      colgrad |  -.0157364   .0026307    -5.98   0.000    -.0208926   -.0105802
         male |   .0560868    .001841    30.47   0.000     .0524785    .0596951
      under20 |   .0064644   .0038155     1.69   0.090     -.001014    .0139428
  twenty6to29 |  -.0369166   .0034757   -10.62   0.000     -.043729   -.0301043
   thirtyto34 |  -.0638267   .0032737   -19.50   0.000    -.0702431   -.0574103
  thirty5to49 |  -.1014447   .0026322   -38.54   0.000    -.1066038   -.0962856
    fiftyto64 |  -.1292558   .0032958   -39.22   0.000    -.1357155    -.122796
sixty5andover |  -.1751242   .0051056   -34.30   0.000     -.185131   -.1651173
  parttimewrk |   .0124186   .0028259     4.39   0.000     .0068799    .0179572
 volunteerwrk |   .0017124   .0040707     0.42   0.674    -.0062661     .009691
   umemployed |   .0259158   .0041829     6.20   0.000     .0177175    .0341141
     disabled |   .0402566   .0048277     8.34   0.000     .0307944    .0497188
  housekeeper |  -.0337615   .0042842    -7.88   0.000    -.0421585   -.0253645
      student |  -.0424871   .0049705    -8.55   0.000    -.0522292    -.032745
      retiree |   .0065675   .0052664     1.25   0.212    -.0037545    .0168895
   nojobother |  -.0034514   .0039588    -0.87   0.383    -.0112107    .0043078
        _cons |   .1168526   .0034815    33.56   0.000     .1100288    .1236763
-------------------------------------------------------------------------------

. 
. reg marjmthpart tenkorlower tenkto20k twentykto30k thirtykto40k fourtykto50k fiftykto75k MEDMJLAW lessthanhs somecol colgrad
>  male under20 twenty6to29 thirtyto34 thirty5to49 fiftyto64 sixty5andover parttimewrk volunteerwrk umemployed disabled housek
> eeper student retiree nojobother black nativeam nativehi asian hispanic multirace

      Source |       SS           df       MS      Number of obs   =   126,247
-------------+----------------------------------   F(31, 126215)   =    277.53
       Model |  846.401588        31   27.303277   Prob > F        =    0.0000
    Residual |  12417.0916   126,215  .098380474   R-squared       =    0.0638
-------------+----------------------------------   Adj R-squared   =    0.0636
       Total |  13263.4932   126,246    .1050607   Root MSE        =    .31366

-------------------------------------------------------------------------------
  marjmthpart |      Coef.   Std. Err.      t    P>|t|     [95% Conf. Interval]
--------------+----------------------------------------------------------------
  tenkorlower |   .0528461   .0036477    14.49   0.000     .0456966    .0599955
    tenkto20k |   .0442333   .0032956    13.42   0.000      .037774    .0506925
 twentykto30k |   .0430612   .0032995    13.05   0.000     .0365943    .0495281
 thirtykto40k |   .0222619   .0033063     6.73   0.000     .0157817    .0287421
 fourtykto50k |    .021289   .0032889     6.47   0.000     .0148429    .0277351
  fiftykto75k |    .009369   .0027897     3.36   0.001     .0039012    .0148368
     MEDMJLAW |   .0564341   .0017996    31.36   0.000     .0529068    .0599614
   lessthanhs |   .0057782   .0030051     1.92   0.055    -.0001117     .011668
      somecol |   .0132456   .0023485     5.64   0.000     .0086425    .0178487
      colgrad |  -.0150861   .0026479    -5.70   0.000    -.0202759   -.0098962
         male |   .0561199    .001834    30.60   0.000     .0525252    .0597145
      under20 |     .00455   .0037999     1.20   0.231    -.0028977    .0119976
  twenty6to29 |  -.0375175   .0034609   -10.84   0.000    -.0443008   -.0307342
   thirtyto34 |  -.0642707     .00326   -19.72   0.000    -.0706602   -.0578811
  thirty5to49 |  -.1025195   .0026223   -39.09   0.000    -.1076592   -.0973798
    fiftyto64 |  -.1340122   .0032882   -40.76   0.000     -.140457   -.1275674
sixty5andover |  -.1823997   .0050956   -35.80   0.000     -.192387   -.1724124
  parttimewrk |   .0120061   .0028151     4.26   0.000     .0064886    .0175236
 volunteerwrk |   .0036097   .0040551     0.89   0.373    -.0043381    .0115575
   umemployed |   .0246137   .0041747     5.90   0.000     .0164314     .032796
     disabled |    .032755   .0048141     6.80   0.000     .0233195    .0421905
  housekeeper |  -.0284034    .004273    -6.65   0.000    -.0367784   -.0200284
      student |  -.0366222   .0049589    -7.39   0.000    -.0463416   -.0269028
      retiree |   .0037128   .0052457     0.71   0.479    -.0065687    .0139944
   nojobother |   .0017981   .0039476     0.46   0.649    -.0059392    .0095354
        black |   .0032267   .0028305     1.14   0.254    -.0023211    .0087745
     nativeam |   .0220015   .0072431     3.04   0.002     .0078051    .0361979
     nativehi |  -.0398934   .0123371    -3.23   0.001    -.0640738    -.015713
        asian |  -.0918541   .0043837   -20.95   0.000     -.100446   -.0832621
     hispanic |  -.0607272   .0025734   -23.60   0.000    -.0657711   -.0556834
    multirace |   .0399115   .0051183     7.80   0.000     .0298798    .0499433
        _cons |   .1243113   .0035138    35.38   0.000     .1174243    .1311983
-------------------------------------------------------------------------------

. 
. *logit marjmthpart tenkorlower tenkto20k twentykto30k thirtykto40k fourtykto50k fiftykto75k MEDMJLAW lessthanhs somecol colg
> rad male under20 twenty6to29 thirtyto34 thirty5to49 fiftyto64 sixty5andover
. *mfx
. 
. *logit marjmthpart tenkorlower tenkto20k twentykto30k thirtykto40k fourtykto50k fiftykto75k MEDMJLAW lessthanhs somecol colg
> rad male under20 twenty6to29 thirtyto34 thirty5to49 fiftyto64 sixty5andover parttimewrk volunteerwrk umemployed disabled hou
> sekeeper student retiree nojobother 
. *mfx
. 
. logit marjmthpart tenkorlower tenkto20k twentykto30k thirtykto40k fourtykto50k fiftykto75k MEDMJLAW lessthanhs somecol colgr
> ad male under20 twenty6to29 thirtyto34 thirty5to49 fiftyto64 sixty5andover parttimewrk volunteerwrk umemployed disabled hous
> ekeeper student retiree nojobother black nativeam nativehi asian hispanic multirace

Iteration 0:   log likelihood = -46144.276  
Iteration 1:   log likelihood = -42308.101  
Iteration 2:   log likelihood = -41821.256  
Iteration 3:   log likelihood = -41803.728  
Iteration 4:   log likelihood = -41803.636  
Iteration 5:   log likelihood = -41803.636  

Logistic regression                             Number of obs     =    126,247
                                                LR chi2(31)       =    8681.28
                                                Prob > chi2       =     0.0000
Log likelihood = -41803.636                     Pseudo R2         =     0.0941

-------------------------------------------------------------------------------
  marjmthpart |      Coef.   Std. Err.      z    P>|z|     [95% Conf. Interval]
--------------+----------------------------------------------------------------
  tenkorlower |   .4979053   .0338481    14.71   0.000     .4315642    .5642464
    tenkto20k |   .4559855   .0324635    14.05   0.000     .3923583    .5196128
 twentykto30k |   .4449692   .0326975    13.61   0.000     .3808832    .5090551
 thirtykto40k |    .257117   .0341461     7.53   0.000     .1901918    .3240422
 fourtykto50k |   .2482334   .0342917     7.24   0.000      .181023    .3154439
  fiftykto75k |   .1227548     .03063     4.01   0.000     .0627212    .1827885
     MEDMJLAW |   .5723797   .0184588    31.01   0.000     .5362012    .6085582
   lessthanhs |   .0491675   .0295081     1.67   0.096    -.0086672    .1070023
      somecol |   .1198228   .0228859     5.24   0.000     .0749672    .1646783
      colgrad |   -.215635   .0289213    -7.46   0.000    -.2723198   -.1589502
         male |   .5571812   .0187652    29.69   0.000     .5204021    .5939604
      under20 |   .0196895   .0314117     0.63   0.531    -.0418764    .0812554
  twenty6to29 |  -.2542927   .0308638    -8.24   0.000    -.3147845   -.1938008
   thirtyto34 |  -.4917397   .0310031   -15.86   0.000    -.5525046   -.4309748
  thirty5to49 |  -.9440287   .0265753   -35.52   0.000    -.9961154    -.891942
    fiftyto64 |  -1.397581   .0403007   -34.68   0.000    -1.476569   -1.318593
sixty5andover |  -2.798434   .1017924   -27.49   0.000    -2.997944   -2.598924
  parttimewrk |   .0930866   .0268788     3.46   0.001     .0404051    .1457681
 volunteerwrk |   .0202251   .0400749     0.50   0.614    -.0583203    .0987704
   umemployed |   .1623266   .0363045     4.47   0.000     .0911711    .2334822
     disabled |   .4031653   .0473256     8.52   0.000     .3104087    .4959218
  housekeeper |  -.4098893   .0534289    -7.67   0.000    -.5146081   -.3051704
      student |  -.2806154   .0454513    -6.17   0.000    -.3696983   -.1915326
      retiree |   .0241131    .091171     0.26   0.791    -.1545789     .202805
   nojobother |  -.0064856    .038036    -0.17   0.865    -.0810349    .0680637
        black |   .0204736   .0268023     0.76   0.445    -.0320578    .0730051
     nativeam |   .1398095   .0631269     2.21   0.027      .016083    .2635361
     nativehi |  -.3865936   .1220602    -3.17   0.002    -.6258272   -.1473601
        asian |  -1.214189   .0638066   -19.03   0.000    -1.339248    -1.08913
     hispanic |  -.6139307   .0274835   -22.34   0.000    -.6677975    -.560064
    multirace |   .2638321   .0431655     6.11   0.000     .1792293    .3484349
        _cons |   -2.17442     .03537   -61.48   0.000    -2.243744   -2.105097
-------------------------------------------------------------------------------

. mfx

Marginal effects after logit
      y  = Pr(marjmthpart) (predict)
         =  .09046016
------------------------------------------------------------------------------
variable |      dy/dx    Std. Err.     z    P>|z|  [    95% C.I.   ]      X
---------+--------------------------------------------------------------------
tenkor~r*|   .0483561      .00382   12.65   0.000   .040861  .055851   .095234
tenk~20k*|   .0432621      .00351   12.32   0.000    .03638  .050145   .121619
twen~30k*|   .0422239      .00354   11.93   0.000    .03529  .049158   .111274
thir~40k*|   .0230008      .00331    6.95   0.000   .016518  .029484    .10466
four~50k*|   .0221521      .00331    6.70   0.000   .015672  .028633   .102315
fift~75k*|    .010455       .0027    3.87   0.000   .005166  .015744   .157913
MEDMJLAW*|   .0479113      .00157   30.46   0.000   .044828  .050995   .477722
lessth~s*|   .0041054       .0025    1.64   0.101  -.000795  .009006   .134538
 somecol*|   .0100362      .00195    5.14   0.000   .006211  .013861   .320768
 colgrad*|  -.0170408      .00219   -7.77   0.000  -.021337 -.012744   .267151
    male*|    .046959      .00162   28.95   0.000    .04378  .050138   .461207
 under20*|   .0016311      .00262    0.62   0.534  -.003504  .006766   .078037
twent~29*|  -.0192319      .00214   -8.97   0.000  -.023432 -.015031   .092557
thirt~34*|  -.0347212      .00187  -18.52   0.000  -.038395 -.031047   .112921
thirt~49*|  -.0659081      .00161  -41.05   0.000  -.069055 -.062761   .264775
fifty~64*|  -.0773382      .00149  -51.77   0.000  -.080266  -.07441   .123765
sixty5~r*|  -.1044278      .00151  -69.00   0.000  -.107394 -.101461   .085087
partti~k*|   .0078729      .00234    3.37   0.001   .003293  .012452   .139686
volunt~k*|   .0016764      .00335    0.50   0.616  -.004882  .008235   .053625
umempl~d*|   .0141739      .00336    4.22   0.000   .007589  .020759   .053451
disabled*|    .038594       .0052    7.42   0.000   .028394  .048794   .041237
housek~r*|  -.0290415      .00322   -9.01   0.000  -.035357 -.022726   .050639
 student*|  -.0207792      .00302   -6.89   0.000   -.02669 -.014869   .039415
 retiree*|   .0020008      .00763    0.26   0.793  -.012951  .016953   .072849
nojobo~r*|  -.0005324      .00311   -0.17   0.864  -.006637  .005573   .060904
   black*|   .0016952      .00223    0.76   0.448  -.002682  .006072   .123647
nativeam*|   .0121595       .0058    2.10   0.036   .000801  .023518   .015438
nativehi*|  -.0272149      .00726   -3.75   0.000  -.041453 -.012977   .005188
   asian*|  -.0648041      .00205  -31.69   0.000  -.068813 -.060795   .044936
hispanic*|  -.0429689      .00163  -26.33   0.000  -.046168  -.03977   .166752
multir~e*|     .02402      .00433    5.55   0.000   .015535  .032505   .031597
------------------------------------------------------------------------------
(*) dy/dx is for discrete change of dummy variable from 0 to 1

. 
. *probit marjmthpart tenkorlower tenkto20k twentykto30k thirtykto40k fourtykto50k fiftykto75k MEDMJLAW lessthanhs somecol col
> grad male under20 twenty6to29 thirtyto34 thirty5to49 fiftyto64 sixty5andover
. *mfx
. 
. *probit marjmthpart tenkorlower tenkto20k twentykto30k thirtykto40k fourtykto50k fiftykto75k MEDMJLAW lessthanhs somecol col
> grad male under20 twenty6to29 thirtyto34 thirty5to49 fiftyto64 sixty5andover parttimewrk volunteerwrk umemployed disabled ho
> usekeeper student retiree nojobother 
. *mfx
. 
. probit marjmthpart tenkorlower tenkto20k twentykto30k thirtykto40k fourtykto50k fiftykto75k MEDMJLAW lessthanhs somecol colg
> rad male under20 twenty6to29 thirtyto34 thirty5to49 fiftyto64 sixty5andover parttimewrk volunteerwrk umemployed disabled hou
> sekeeper student retiree nojobother black nativeam nativehi asian hispanic multirace

Iteration 0:   log likelihood = -46144.276  
Iteration 1:   log likelihood = -41949.833  
Iteration 2:   log likelihood =   -41774.8  
Iteration 3:   log likelihood = -41772.993  
Iteration 4:   log likelihood = -41772.992  

Probit regression                               Number of obs     =    126,247
                                                LR chi2(31)       =    8742.57
                                                Prob > chi2       =     0.0000
Log likelihood = -41772.992                     Pseudo R2         =     0.0947

-------------------------------------------------------------------------------
  marjmthpart |      Coef.   Std. Err.      z    P>|z|     [95% Conf. Interval]
--------------+----------------------------------------------------------------
  tenkorlower |   .2688343   .0185186    14.52   0.000     .2325384    .3051302
    tenkto20k |   .2446015   .0175117    13.97   0.000     .2102791    .2789239
 twentykto30k |   .2361417   .0176419    13.39   0.000     .2015642    .2707192
 thirtykto40k |   .1353631   .0181682     7.45   0.000      .099754    .1709722
 fourtykto50k |   .1309698   .0182182     7.19   0.000     .0952628    .1666768
  fiftykto75k |   .0624642   .0160257     3.90   0.000     .0310544    .0938739
     MEDMJLAW |   .3090596   .0098851    31.27   0.000     .2896851     .328434
   lessthanhs |    .019834   .0160584     1.24   0.217    -.0116398    .0513079
      somecol |   .0668773    .012425     5.38   0.000     .0425248    .0912299
      colgrad |  -.1051938   .0151228    -6.96   0.000    -.1348339   -.0755538
         male |   .3026564    .010023    30.20   0.000     .2830116    .3223012
      under20 |   .0170912   .0177401     0.96   0.335    -.0176787    .0518612
  twenty6to29 |  -.1496614     .01708    -8.76   0.000    -.1831376   -.1161851
   thirtyto34 |  -.2766862    .016755   -16.51   0.000    -.3095254    -.243847
  thirty5to49 |  -.5109326    .013983   -36.54   0.000    -.5383389   -.4835263
    fiftyto64 |  -.7368344   .0199604   -36.91   0.000     -.775956   -.6977127
sixty5andover |  -1.352119   .0433352   -31.20   0.000    -1.437055   -1.267184
  parttimewrk |   .0528762   .0146661     3.61   0.000     .0241313    .0816212
 volunteerwrk |   .0146319    .021634     0.68   0.499    -.0277699    .0570338
   umemployed |   .0952376   .0202636     4.70   0.000     .0555216    .1349535
     disabled |   .2107218   .0255119     8.26   0.000     .1607194    .2607243
  housekeeper |  -.2064209   .0267362    -7.72   0.000    -.2588229   -.1540189
      student |  -.1508519   .0248573    -6.07   0.000    -.1995712   -.1021325
      retiree |   .0111046   .0415508     0.27   0.789    -.0703334    .0925426
   nojobother |  -.0014165   .0207347    -0.07   0.946    -.0420557    .0392228
        black |   .0126841   .0146619     0.87   0.387    -.0160527     .041421
     nativeam |    .088831    .035286     2.52   0.012     .0196716    .1579904
     nativehi |  -.2037086   .0655272    -3.11   0.002    -.3321397   -.0752776
        asian |  -.6295429     .03072   -20.49   0.000    -.6897531   -.5693327
     hispanic |  -.3318481   .0144318   -22.99   0.000     -.360134   -.3035623
    multirace |   .1545991   .0244096     6.33   0.000     .1067572     .202441
        _cons |  -1.260137   .0188438   -66.87   0.000    -1.297071   -1.223204
-------------------------------------------------------------------------------

. mfx

Marginal effects after probit
      y  = Pr(marjmthpart) (predict)
         =  .09447368
------------------------------------------------------------------------------
variable |      dy/dx    Std. Err.     z    P>|z|  [    95% C.I.   ]      X
---------+--------------------------------------------------------------------
tenkor~r*|   .0519683      .00405   12.83   0.000   .044029  .059907   .095234
tenk~20k*|   .0463541      .00369   12.55   0.000   .039115  .053593   .121619
twen~30k*|   .0447059      .00371   12.03   0.000   .037425  .051987   .111274
thir~40k*|   .0244209       .0035    6.98   0.000   .017563  .031279    .10466
four~50k*|   .0235851       .0035    6.75   0.000   .016732  .030438   .102315
fift~75k*|   .0108125      .00285    3.79   0.000   .005226  .016399   .157913
MEDMJLAW*|   .0526416       .0017   31.00   0.000   .049313   .05597   .477722
lessth~s*|   .0033705      .00275    1.22   0.221  -.002029   .00877   .134538
 somecol*|   .0114366      .00216    5.30   0.000   .007206  .015667   .320768
 colgrad*|  -.0171474      .00238   -7.19   0.000  -.021821 -.012474   .267151
    male*|   .0518701      .00174   29.74   0.000   .048452  .055288   .461207
 under20*|   .0029043      .00304    0.95   0.340   -.00306  .008868   .078037
twent~29*|  -.0232289      .00244   -9.53   0.000  -.028004 -.018454   .092557
thirt~34*|    -.04036       .0021  -19.23   0.000  -.044474 -.036246   .112921
thirt~49*|  -.0737389      .00174  -42.41   0.000  -.077146 -.070331   .264775
fifty~64*|  -.0857218      .00155  -55.48   0.000   -.08875 -.082694   .123765
sixty5~r*|  -.1099575      .00142  -77.68   0.000  -.112732 -.107183   .085087
partti~k*|   .0091252      .00259    3.52   0.000   .004041  .014209   .139686
volunt~k*|   .0024842       .0037    0.67   0.502  -.004776  .009745   .053625
umempl~d*|   .0169409       .0038    4.46   0.000    .00949  .024392   .053451
disabled*|   .0401213      .00543    7.39   0.000   .029478  .050765   .041237
housek~r*|  -.0306812      .00347   -8.85   0.000  -.037479 -.023884   .050639
 student*|  -.0231416      .00346   -6.70   0.000  -.029915 -.016368   .039415
 retiree*|   .0018809      .00708    0.27   0.791  -.011999  .015761   .072849
nojobo~r*|  -.0002382      .00348   -0.07   0.945  -.007068  .006591   .060904
   black*|   .0021485       .0025    0.86   0.390   -.00275  .007047   .123647
nativeam*|   .0158112      .00663    2.39   0.017   .002823  .028799   .015438
nativehi*|  -.0299364       .0083   -3.61   0.000  -.046194 -.013678   .005188
   asian*|  -.0715752      .00213  -33.67   0.000  -.075741 -.067409   .044936
hispanic*|  -.0482366      .00179  -26.91   0.000   -.05175 -.044723   .166752
multir~e*|   .0285609      .00492    5.81   0.000   .018918  .038204   .031597
------------------------------------------------------------------------------
(*) dy/dx is for discrete change of dummy variable from 0 to 1

. 
end of do-file

